<?xml version="1.0" encoding="UTF-8"?>
<!-- Generated by org.testng.reporters.JUnitReportReporter -->
<testsuite hostname="LCE50517" failures="0" tests="2" name="Section11.L02_TestngInstall" time="0.007" errors="0" timestamp="2023-11-17T15:36:18 CET" skipped="0">
  <testcase classname="Section11.L02_TestngInstall" name="helloWorld2" time="0.001"/>
  <system-out/>
  <testcase classname="Section11.L02_TestngInstall" name="helloWorld" time="0.006"/>
  <system-out/>
</testsuite> <!-- Section11.L02_TestngInstall -->
