<?xml version="1.0" encoding="UTF-8"?>
<!-- Generated by org.testng.reporters.JUnitReportReporter -->
<testsuite hostname="LCE50517" failures="0" tests="1" name="Section11.L08_Annotation_Pt1" time="2.569" errors="0" timestamp="2023-11-17T16:34:59 CET" skipped="0">
  <testcase classname="Section11.L08_Annotation_Pt1" name="test" time="2.569"/>
  <system-out/>
</testsuite> <!-- Section11.L08_Annotation_Pt1 -->
