<?xml version="1.0" encoding="UTF-8"?>
<!-- Generated by org.testng.reporters.JUnitReportReporter -->
<testsuite hostname="LCE50517" failures="0" tests="2" name="Section11.L04a_TestngXml" time="0.046" errors="0" timestamp="2023-11-17T15:36:18 CET" skipped="0">
  <testcase classname="Section11.L04a_TestngXml" name="method5" time="0.002"/>
  <system-out/>
  <testcase classname="Section11.L04a_TestngXml" name="method6" time="0.044"/>
  <system-out/>
</testsuite> <!-- Section11.L04a_TestngXml -->
