<?xml version="1.0" encoding="UTF-8"?>
<!-- Generated by org.testng.reporters.JUnitReportReporter -->
<testsuite hostname="LCE50517" failures="0" tests="2" name="Section11.L10a_TestngXml" time="0.009" errors="0" timestamp="2023-11-17T18:25:22 CET" skipped="0">
  <testcase classname="Section11.L10a_TestngXml" name="method1" time="0.008"/>
  <system-out/>
  <testcase classname="Section11.L10a_TestngXml" name="method2" time="0.001"/>
  <system-out/>
</testsuite> <!-- Section11.L10a_TestngXml -->
