<?xml version="1.0" encoding="UTF-8"?>
<!-- Generated by org.testng.reporters.JUnitReportReporter -->
<testsuite hostname="LCE50517" failures="0" tests="1" name="Section12.L05_Login" time="7.692" errors="0" timestamp="2023-11-18T15:36:46 CET" skipped="0">
  <testcase classname="Section12.L05_Login" name="signin" time="7.692"/>
  <system-out/>
</testsuite> <!-- Section12.L05_Login -->
