<?xml version="1.0" encoding="UTF-8"?>
<!-- Generated by org.testng.reporters.JUnitReportReporter -->
<testsuite hostname="LCE50517" failures="0" tests="1" name="Section11.L09_Annotation_Pt2" time="11.087" errors="0" timestamp="2023-11-17T16:53:51 CET" skipped="0">
  <testcase classname="Section11.L09_Annotation_Pt2" name="test" time="11.087"/>
  <system-out/>
</testsuite> <!-- Section11.L09_Annotation_Pt2 -->
