<?xml version="1.0" encoding="UTF-8"?>
<!-- Generated by org.testng.reporters.JUnitReportReporter -->
<testsuite hostname="LCE50517" failures="0" tests="1" name="Section12.L03_Login" time="3.992" errors="0" timestamp="2023-11-18T14:40:24 CET" skipped="0">
  <testcase classname="Section12.L03_Login" name="signin" time="3.992"/>
  <system-out/>
</testsuite> <!-- Section12.L03_Login -->
