<?xml version="1.0" encoding="UTF-8"?>
<!-- Generated by org.testng.reporters.JUnitReportReporter -->
<testsuite hostname="LCE50517" failures="0" tests="1" name="Section12.L02_Login" time="4.138" errors="0" timestamp="2023-11-18T14:27:30 CET" skipped="0">
  <testcase classname="Section12.L02_Login" name="signin" time="4.138"/>
  <system-out/>
</testsuite> <!-- Section12.L02_Login -->
