<?xml version="1.0" encoding="UTF-8"?>
<!-- Generated by org.testng.reporters.JUnitReportReporter -->
<testsuite hostname="LCE50517" failures="0" tests="3" name="Section11.L13_DependsOnMethods" time="9.296" errors="0" timestamp="2023-11-18T12:45:51 CET" skipped="0">
  <testcase classname="Section11.L13_DependsOnMethods" name="enterPassword" time="3.082"/>
  <system-out/>
  <testcase classname="Section11.L13_DependsOnMethods" name="clickBtn" time="3.089"/>
  <system-out/>
  <testcase classname="Section11.L13_DependsOnMethods" name="enterEmail" time="3.125"/>
  <system-out/>
</testsuite> <!-- Section11.L13_DependsOnMethods -->
