<?xml version="1.0" encoding="UTF-8"?>
<!-- Generated by org.testng.reporters.JUnitReportReporter -->
<testsuite hostname="LCE50517" failures="0" tests="1" name="Section11.L10b_TestngXml" time="0.001" errors="0" timestamp="2023-11-17T18:25:22 CET" skipped="0">
  <testcase classname="Section11.L10b_TestngXml" name="method3" time="0.001"/>
  <system-out/>
</testsuite> <!-- Section11.L10b_TestngXml -->
