<?xml version="1.0" encoding="UTF-8"?>
<!-- Generated by org.testng.reporters.JUnitReportReporter -->
<testsuite hostname="LCE50517" failures="0" tests="1" name="Section11.L11_Parameters" time="17.399" errors="0" timestamp="2023-11-17T18:40:22 CET" skipped="0">
  <testcase classname="Section11.L11_Parameters" name="signin" time="17.399"/>
  <system-out/>
</testsuite> <!-- Section11.L11_Parameters -->
