<?xml version="1.0" encoding="UTF-8"?>
<!-- Generated by org.testng.reporters.JUnitReportReporter -->
<testsuite hostname="LCE50517" failures="0" tests="1" name="Section12.L04_Login2" time="9.297" errors="0" timestamp="2023-11-18T15:00:11 CET" skipped="0">
  <testcase classname="Section12.L04_Login2" name="signin" time="9.297"/>
  <system-out/>
</testsuite> <!-- Section12.L04_Login2 -->
