<?xml version="1.0" encoding="UTF-8"?>
<!-- Generated by org.testng.reporters.JUnitReportReporter -->
<testsuite hostname="LCE50517" failures="0" tests="1" name="Section12.L04_Login" time="7.891" errors="0" timestamp="2023-11-18T15:04:55 CET" skipped="0">
  <testcase classname="Section12.L04_Login" name="signin" time="7.891"/>
  <system-out/>
</testsuite> <!-- Section12.L04_Login -->
